<?xml version="1.0" encoding="UTF-8"?>
<testng-results ignored="0" total="1" passed="1" failed="0" skipped="0">
  <reporter-output>
  </reporter-output>
  <suite started-at="2023-05-05T11:29:35 GMT-04:00" name="Default suite" finished-at="2023-05-05T11:29:42 GMT-04:00" duration-ms="6426">
    <groups>
    </groups>
    <test started-at="2023-05-05T11:29:35 GMT-04:00" name="Default test" finished-at="2023-05-05T11:29:42 GMT-04:00" duration-ms="6426">
      <class name="RachanMavenproject.Jenkins.jenkindemo">
        <test-method signature="testgooglrsearch()[pri:0, instance:RachanMavenproject.Jenkins.jenkindemo@7ea9e1e2]" started-at="2023-05-05T11:29:35 GMT-04:00" name="testgooglrsearch" finished-at="2023-05-05T11:29:42 GMT-04:00" duration-ms="6361" status="PASS">
          <reporter-output>
          </reporter-output>
        </test-method> <!-- testgooglrsearch -->
      </class> <!-- RachanMavenproject.Jenkins.jenkindemo -->
    </test> <!-- Default test -->
  </suite> <!-- Default suite -->
</testng-results>
